Arguments: 
  /usr/bin/node /usr/bin/yarn start

PATH: 
  /home/steve/bin:/home/steve/.local/bin:/home/steve/bin:/home/steve/.local/bin:/usr/local/sbin:/usr/local/bin:/usr/sbin:/usr/bin:/sbin:/bin:/usr/games:/usr/local/games:/snap/bin

Yarn version: 
  1.13.0

Node version: 
  8.16.0

Platform: 
  linux x64

Trace: 
  SyntaxError: /media/steve/HDExtend/react-projects/job/job-backend/package.json: Unexpected end of JSON input
      at JSON.parse (<anonymous>)
      at /usr/lib/node_modules/yarn/lib/cli.js:1625:59
      at Generator.next (<anonymous>)
      at step (/usr/lib/node_modules/yarn/lib/cli.js:304:30)
      at /usr/lib/node_modules/yarn/lib/cli.js:315:13
      at <anonymous>

npm manifest: 
  {
    "name": "koa-api-starter",
    "version": "1.0.0",
    "description": "",
    "main": "server.js",
    "engine": {
      "node": "8.15.1",
      "npm": "6.9.0"
    },
    "scripts": {
      "start": "node server.js"
    },
    "license": "ISC",
    "dependencies": {
      "bcrypt": "^3.0.6",
      "db-errors": "^0.2.2",
      "jsonwebtoken": "^8.5.1",
      "koa": "^2.7.0",
      "koa-parser": "^1.0.7",
      "koa-router": "^7.4.0",
      "koa-static": "^5.0.0",
      "lodash": "^4.17.11",
      "mysql2": "^1.6.5",
      "sequelize": "^5.3.5"
    },
    "devDependencies": {
      "eslint": "^5.16.0"
    }

yarn manifest: 
  No manifest

Lockfile: 
  No lockfile
